<?xml version="1.0" encoding="UTF-8"?>
<testng-results ignored="0" total="1" passed="1" failed="0" skipped="0">
  <reporter-output>
  </reporter-output>
  <suite started-at="2022-07-18T10:55:20 IST" name="Default suite" finished-at="2022-07-18T10:55:25 IST" duration-ms="5400">
    <groups>
    </groups>
    <test started-at="2022-07-18T10:55:20 IST" name="Default test" finished-at="2022-07-18T10:55:25 IST" duration-ms="5400">
      <class name="org.sms.parent.MySonsAttendance">
        <test-method is-config="true" signature="intCls()[pri:0, instance:org.sms.parent.MySonsAttendance@17f9d882]" started-at="2022-07-18T10:55:20 IST" name="intCls" finished-at="2022-07-18T10:55:20 IST" duration-ms="19" status="PASS">
          <reporter-output>
          </reporter-output>
        </test-method> <!-- intCls -->
        <test-method is-config="true" signature="genrateRandomNum()[pri:0, instance:org.sms.parent.MySonsAttendance@17f9d882]" started-at="2022-07-18T10:55:20 IST" name="genrateRandomNum" finished-at="2022-07-18T10:55:20 IST" depends-on-methods="org.tyss.sms.genricUtility.InitClasses.intCls" duration-ms="2" status="PASS">
          <reporter-output>
          </reporter-output>
        </test-method> <!-- genrateRandomNum -->
        <test-method is-config="true" signature="PreSetUp()[pri:0, instance:org.sms.parent.MySonsAttendance@17f9d882]" started-at="2022-07-18T10:55:20 IST" name="PreSetUp" finished-at="2022-07-18T10:55:24 IST" duration-ms="3457" status="PASS">
          <reporter-output>
          </reporter-output>
        </test-method> <!-- PreSetUp -->
        <test-method signature="parentAttendance()[pri:0, instance:org.sms.parent.MySonsAttendance@17f9d882]" started-at="2022-07-18T10:55:24 IST" name="parentAttendance" finished-at="2022-07-18T10:55:25 IST" duration-ms="1500" status="PASS">
          <reporter-output>
          </reporter-output>
        </test-method> <!-- parentAttendance -->
        <test-method is-config="true" signature="closeBrowser()[pri:0, instance:org.sms.parent.MySonsAttendance@17f9d882]" started-at="2022-07-18T10:55:25 IST" name="closeBrowser" finished-at="2022-07-18T10:55:25 IST" duration-ms="394" status="PASS">
          <reporter-output>
          </reporter-output>
        </test-method> <!-- closeBrowser -->
      </class> <!-- org.sms.parent.MySonsAttendance -->
    </test> <!-- Default test -->
  </suite> <!-- Default suite -->
</testng-results>
